{"level":"info","message":"http://www.meizitu.com/a/list_1_1.html 2017-06-02 14:30:15 start http://www.meizitu.com/a/list_1_1.html","timestamp":"2017-06-02 14:30:15:470"}
{"level":"info","message":"抓取页面url: http://www.meizitu.com/a/list_1_1.html","timestamp":"2017-06-02 14:30:15:471"}
{"id":"5509","level":"info","message":"detailModel query:","timestamp":"2017-06-02 14:30:22:389"}
{"id":"5501","level":"info","message":"detailModel query:","timestamp":"2017-06-02 14:30:23:711"}
{"id":"5519","level":"info","message":"detailModel query:","timestamp":"2017-06-02 14:30:24:817"}
{"id":"5514","level":"info","message":"detailModel query:","timestamp":"2017-06-02 14:30:26:129"}
{"id":"5515","level":"info","message":"detailModel query:","timestamp":"2017-06-02 14:30:26:941"}
{"id":"5520","level":"info","message":"detailModel query:","timestamp":"2017-06-02 14:30:28:059"}
{"id":"5513","level":"info","message":"detailModel query:","timestamp":"2017-06-02 14:30:29:154"}
{"id":"5521","level":"info","message":"detailModel query:","timestamp":"2017-06-02 14:30:30:178"}
{"id":"5507","level":"info","message":"detailModel query:","timestamp":"2017-06-02 14:30:30:393"}
{"id":"5504","level":"info","message":"detailModel query:","timestamp":"2017-06-02 14:30:31:637"}
{"id":"5505","level":"info","message":"detailModel query:","timestamp":"2017-06-02 14:30:33:204"}
{"id":"5522","level":"info","message":"detailModel query:","timestamp":"2017-06-02 14:30:33:580"}
{"id":"5510","level":"info","message":"detailModel query:","timestamp":"2017-06-02 14:30:34:556"}
{"id":"5508","level":"info","message":"detailModel query:","timestamp":"2017-06-02 14:30:36:135"}
{"id":"5516","level":"info","message":"detailModel query:","timestamp":"2017-06-02 14:30:37:243"}
{"id":"5511","level":"info","message":"detailModel query:","timestamp":"2017-06-02 14:30:37:997"}
{"id":"5503","level":"info","message":"detailModel query:","timestamp":"2017-06-02 14:30:39:129"}
{"id":"5506","level":"info","message":"detailModel query:","timestamp":"2017-06-02 14:30:39:657"}
{"id":"5500","level":"info","message":"detailModel query:","timestamp":"2017-06-02 14:30:40:302"}
{"id":"5499","level":"info","message":"detailModel query:","timestamp":"2017-06-02 14:30:41:726"}
{"id":"5525","level":"info","message":"detailModel query:","timestamp":"2017-06-02 14:30:42:854"}
{"id":"5523","level":"info","message":"detailModel query:","timestamp":"2017-06-02 14:30:44:204"}
{"id":"5529","level":"info","message":"detailModel query:","timestamp":"2017-06-02 14:30:44:693"}
{"level":"info","message":"详情页延迟 22418 毫秒,结束","timestamp":"2017-06-02 14:30:44:695"}
{"level":"info","message":"抓取页面url: http://www.meizitu.com/a/5529.html","timestamp":"2017-06-02 14:30:44:695"}
{"id":"5527","level":"info","message":"detailModel query:","timestamp":"2017-06-02 14:30:46:097"}
{"id":"5517","level":"info","message":"detailModel query:","timestamp":"2017-06-02 14:30:46:797"}
{"level":"info","message":"页面解析结束 22/30","timestamp":"2017-06-02 14:30:47:198"}
{"id":"5529","date":"20170508","href":"http://www.meizitu.com/a/5529.html","title":"看到这长腿，就算是丁义珍式窗口我也认了","thumb":"http://mm.howkuai.com/wp-content/uploads/2017a/04/17/limg.jpg","tag":["性感","好污","美臀","长腿",""],"images":["http://mm.howkuai.com/wp-content/uploads/2017a/04/17/01.jpg","http://mm.howkuai.com/wp-content/uploads/2017a/04/17/02.jpg","http://mm.howkuai.com/wp-content/uploads/2017a/04/17/03.jpg","http://mm.howkuai.com/wp-content/uploads/2017a/04/17/04.jpg","http://mm.howkuai.com/wp-content/uploads/2017a/04/17/05.jpg","http://mm.howkuai.com/wp-content/uploads/2017a/04/17/06.jpg","http://mm.howkuai.com/wp-content/uploads/2017a/04/17/07.jpg","http://mm.howkuai.com/wp-content/uploads/2017a/04/17/08.jpg","http://mm.howkuai.com/wp-content/uploads/2017a/04/17/09.jpg","http://mm.howkuai.com/wp-content/uploads/2017a/04/17/10.jpg","http://mm.howkuai.com/wp-content/uploads/2017a/04/17/11.jpg","http://mm.howkuai.com/wp-content/uploads/2017a/04/17/12.jpg","http://mm.howkuai.com/wp-content/uploads/2017a/04/17/13.jpg"],"level":"info","message":"will insert item:","timestamp":"2017-06-02 14:30:47:215"}
{"id":"5512","level":"info","message":"detailModel query:","timestamp":"2017-06-02 14:30:47:609"}
{"id":"5502","level":"info","message":"detailModel query:","timestamp":"2017-06-02 14:30:49:203"}
{"id":"5526","level":"info","message":"detailModel query:","timestamp":"2017-06-02 14:30:50:133"}
{"id":"5518","level":"info","message":"detailModel query:","timestamp":"2017-06-02 14:30:50:863"}
{"id":"5524","level":"info","message":"detailModel query:","timestamp":"2017-06-02 14:30:51:275"}
{"level":"info","message":"无效的抓取 id5509 has exist,do not capture","timestamp":"2017-06-02 14:30:51:278"}
{"level":"info","message":"无效的抓取 id5501 has exist,do not capture","timestamp":"2017-06-02 14:30:51:279"}
{"level":"info","message":"无效的抓取 id5519 has exist,do not capture","timestamp":"2017-06-02 14:30:51:279"}
{"level":"info","message":"无效的抓取 id5514 has exist,do not capture","timestamp":"2017-06-02 14:30:51:279"}
{"level":"info","message":"无效的抓取 id5515 has exist,do not capture","timestamp":"2017-06-02 14:30:51:280"}
{"level":"info","message":"无效的抓取 id5520 has exist,do not capture","timestamp":"2017-06-02 14:30:51:280"}
{"level":"info","message":"无效的抓取 id5513 has exist,do not capture","timestamp":"2017-06-02 14:30:51:280"}
{"level":"info","message":"无效的抓取 id5521 has exist,do not capture","timestamp":"2017-06-02 14:30:51:280"}
{"level":"info","message":"无效的抓取 id5507 has exist,do not capture","timestamp":"2017-06-02 14:30:51:280"}
{"level":"info","message":"无效的抓取 id5504 has exist,do not capture","timestamp":"2017-06-02 14:30:51:280"}
{"level":"info","message":"无效的抓取 id5505 has exist,do not capture","timestamp":"2017-06-02 14:30:51:280"}
{"level":"info","message":"无效的抓取 id5522 has exist,do not capture","timestamp":"2017-06-02 14:30:51:281"}
{"level":"info","message":"无效的抓取 id5510 has exist,do not capture","timestamp":"2017-06-02 14:30:51:281"}
{"level":"info","message":"无效的抓取 id5508 has exist,do not capture","timestamp":"2017-06-02 14:30:51:281"}
{"level":"info","message":"无效的抓取 id5516 has exist,do not capture","timestamp":"2017-06-02 14:30:51:282"}
{"level":"info","message":"无效的抓取 id5511 has exist,do not capture","timestamp":"2017-06-02 14:30:51:282"}
{"level":"info","message":"无效的抓取 id5503 has exist,do not capture","timestamp":"2017-06-02 14:30:51:283"}
{"level":"info","message":"无效的抓取 id5506 has exist,do not capture","timestamp":"2017-06-02 14:30:51:283"}
{"level":"info","message":"无效的抓取 id5500 has exist,do not capture","timestamp":"2017-06-02 14:30:51:283"}
{"level":"info","message":"无效的抓取 id5499 has exist,do not capture","timestamp":"2017-06-02 14:30:51:283"}
{"level":"info","message":"无效的抓取 id5525 has exist,do not capture","timestamp":"2017-06-02 14:30:51:283"}
{"level":"info","message":"无效的抓取 id5523 has exist,do not capture","timestamp":"2017-06-02 14:30:51:283"}
{"level":"info","message":"无效的抓取 id5527 has exist,do not capture","timestamp":"2017-06-02 14:30:51:284"}
{"level":"info","message":"无效的抓取 id5517 has exist,do not capture","timestamp":"2017-06-02 14:30:51:284"}
{"level":"info","message":"无效的抓取 id5512 has exist,do not capture","timestamp":"2017-06-02 14:30:51:284"}
{"level":"info","message":"无效的抓取 id5502 has exist,do not capture","timestamp":"2017-06-02 14:30:51:284"}
{"level":"info","message":"无效的抓取 id5526 has exist,do not capture","timestamp":"2017-06-02 14:30:51:285"}
{"level":"info","message":"无效的抓取 id5518 has exist,do not capture","timestamp":"2017-06-02 14:30:51:286"}
{"level":"info","message":"无效的抓取 id5524 has exist,do not capture","timestamp":"2017-06-02 14:30:51:287"}
{"level":"info","message":"2017-06-02 14:30:51 capture success,ready insert list length: 1","timestamp":"2017-06-02 14:30:51:297"}
{"0":{"id":"5529","date":"20170508","href":"http://www.meizitu.com/a/5529.html","title":"看到这长腿，就算是丁义珍式窗口我也认了","thumb":"http://mm.howkuai.com/wp-content/uploads/2017a/04/17/limg.jpg","tag":["性感","好污","美臀","长腿",""],"images":["http://mm.howkuai.com/wp-content/uploads/2017a/04/17/01.jpg","http://mm.howkuai.com/wp-content/uploads/2017a/04/17/02.jpg","http://mm.howkuai.com/wp-content/uploads/2017a/04/17/03.jpg","http://mm.howkuai.com/wp-content/uploads/2017a/04/17/04.jpg","http://mm.howkuai.com/wp-content/uploads/2017a/04/17/05.jpg","http://mm.howkuai.com/wp-content/uploads/2017a/04/17/06.jpg","http://mm.howkuai.com/wp-content/uploads/2017a/04/17/07.jpg","http://mm.howkuai.com/wp-content/uploads/2017a/04/17/08.jpg","http://mm.howkuai.com/wp-content/uploads/2017a/04/17/09.jpg","http://mm.howkuai.com/wp-content/uploads/2017a/04/17/10.jpg","http://mm.howkuai.com/wp-content/uploads/2017a/04/17/11.jpg","http://mm.howkuai.com/wp-content/uploads/2017a/04/17/12.jpg","http://mm.howkuai.com/wp-content/uploads/2017a/04/17/13.jpg"]},"level":"info","message":"saveList","timestamp":"2017-06-02 14:30:51:305"}
{"result":{"ok":1,"n":1},"ops":[{"id":"5529","date":"20170508","href":"http://www.meizitu.com/a/5529.html","title":"看到这长腿，就算是丁义珍式窗口我也认了","thumb":"http://mm.howkuai.com/wp-content/uploads/2017a/04/17/limg.jpg","tag":["性感","好污","美臀","长腿",""],"images":["http://mm.howkuai.com/wp-content/uploads/2017a/04/17/01.jpg","http://mm.howkuai.com/wp-content/uploads/2017a/04/17/02.jpg","http://mm.howkuai.com/wp-content/uploads/2017a/04/17/03.jpg","http://mm.howkuai.com/wp-content/uploads/2017a/04/17/04.jpg","http://mm.howkuai.com/wp-content/uploads/2017a/04/17/05.jpg","http://mm.howkuai.com/wp-content/uploads/2017a/04/17/06.jpg","http://mm.howkuai.com/wp-content/uploads/2017a/04/17/07.jpg","http://mm.howkuai.com/wp-content/uploads/2017a/04/17/08.jpg","http://mm.howkuai.com/wp-content/uploads/2017a/04/17/09.jpg","http://mm.howkuai.com/wp-content/uploads/2017a/04/17/10.jpg","http://mm.howkuai.com/wp-content/uploads/2017a/04/17/11.jpg","http://mm.howkuai.com/wp-content/uploads/2017a/04/17/12.jpg","http://mm.howkuai.com/wp-content/uploads/2017a/04/17/13.jpg"],"_id":{"_bsontype":"ObjectID","id":{"0":89,"1":49,"2":6,"3":27,"4":248,"5":145,"6":231,"7":17,"8":221,"9":142,"10":97,"11":176}}}],"insertedCount":1,"insertedIds":[{"$ref":"$[\"ops\"][0][\"_id\"]"}],"level":"info","message":"","timestamp":"2017-06-02 14:30:51:329"}
{"level":"info","message":"2017-06-02 14:30:51 insert successa/list_1_1.html[object Object]","timestamp":"2017-06-02 14:30:51:330"}
{"level":"info","message":"2017-06-02 14:30:51 end http://www.meizitu.com/a/list_1_1.html","timestamp":"2017-06-02 14:30:51:330"}
{"level":"info","message":"开始延迟 5134 毫秒","timestamp":"2017-06-02 14:30:51:330"}
{"level":"info","message":"延时结束","timestamp":"2017-06-02 14:30:56:467"}
{"level":"info","message":"http://www.meizitu.com/a/list_1_2.html 2017-06-02 14:30:56 start http://www.meizitu.com/a/list_1_2.html","timestamp":"2017-06-02 14:30:56:467"}
{"level":"info","message":"抓取页面url: http://www.meizitu.com/a/list_1_2.html","timestamp":"2017-06-02 14:30:56:468"}
{"id":"5481","level":"info","message":"detailModel query:","timestamp":"2017-06-02 14:30:58:172"}
{"id":"5472","level":"info","message":"detailModel query:","timestamp":"2017-06-02 14:30:58:895"}
{"id":"5487","level":"info","message":"detailModel query:","timestamp":"2017-06-02 14:30:59:697"}
{"id":"5498","level":"info","message":"detailModel query:","timestamp":"2017-06-02 14:31:00:508"}
{"id":"5473","level":"info","message":"detailModel query:","timestamp":"2017-06-02 14:31:02:445"}
{"id":"5493","level":"info","message":"detailModel query:","timestamp":"2017-06-02 14:31:02:468"}
{"id":"5491","level":"info","message":"detailModel query:","timestamp":"2017-06-02 14:31:03:487"}
{"id":"5489","level":"info","message":"detailModel query:","timestamp":"2017-06-02 14:31:04:643"}
{"id":"5470","level":"info","message":"detailModel query:","timestamp":"2017-06-02 14:31:05:758"}
{"id":"5486","level":"info","message":"detailModel query:","timestamp":"2017-06-02 14:31:06:946"}
{"id":"5485","level":"info","message":"detailModel query:","timestamp":"2017-06-02 14:31:08:448"}
{"id":"5492","level":"info","message":"detailModel query:","timestamp":"2017-06-02 14:31:09:157"}
{"id":"5484","level":"info","message":"detailModel query:","timestamp":"2017-06-02 14:31:09:878"}
{"id":"5497","level":"info","message":"detailModel query:","timestamp":"2017-06-02 14:31:10:641"}
{"id":"5478","level":"info","message":"detailModel query:","timestamp":"2017-06-02 14:31:11:492"}
{"id":"5469","level":"info","message":"detailModel query:","timestamp":"2017-06-02 14:31:12:508"}
{"id":"5494","level":"info","message":"detailModel query:","timestamp":"2017-06-02 14:31:13:676"}
{"id":"5475","level":"info","message":"detailModel query:","timestamp":"2017-06-02 14:31:14:873"}
{"id":"5477","level":"info","message":"detailModel query:","timestamp":"2017-06-02 14:31:16:445"}
{"id":"5495","level":"info","message":"detailModel query:","timestamp":"2017-06-02 14:31:16:545"}
{"id":"5480","level":"info","message":"detailModel query:","timestamp":"2017-06-02 14:31:17:478"}
{"id":"5471","level":"info","message":"detailModel query:","timestamp":"2017-06-02 14:31:18:684"}
{"id":"5496","level":"info","message":"detailModel query:","timestamp":"2017-06-02 14:31:20:368"}
{"id":"5482","level":"info","message":"detailModel query:","timestamp":"2017-06-02 14:31:20:738"}
{"id":"5468","level":"info","message":"detailModel query:","timestamp":"2017-06-02 14:31:21:843"}
{"id":"5479","level":"info","message":"detailModel query:","timestamp":"2017-06-02 14:31:22:654"}
{"id":"5488","level":"info","message":"detailModel query:","timestamp":"2017-06-02 14:31:23:493"}
{"id":"5476","level":"info","message":"detailModel query:","timestamp":"2017-06-02 14:31:24:584"}
{"id":"5483","level":"info","message":"detailModel query:","timestamp":"2017-06-02 14:31:25:834"}
{"id":"5474","level":"info","message":"detailModel query:","timestamp":"2017-06-02 14:31:26:536"}
{"level":"info","message":"无效的抓取 id5481 has exist,do not capture","timestamp":"2017-06-02 14:31:26:538"}
{"level":"info","message":"无效的抓取 id5472 has exist,do not capture","timestamp":"2017-06-02 14:31:26:539"}
{"level":"info","message":"无效的抓取 id5487 has exist,do not capture","timestamp":"2017-06-02 14:31:26:539"}
{"level":"info","message":"无效的抓取 id5498 has exist,do not capture","timestamp":"2017-06-02 14:31:26:539"}
{"level":"info","message":"无效的抓取 id5473 has exist,do not capture","timestamp":"2017-06-02 14:31:26:539"}
{"level":"info","message":"无效的抓取 id5493 has exist,do not capture","timestamp":"2017-06-02 14:31:26:539"}
{"level":"info","message":"无效的抓取 id5491 has exist,do not capture","timestamp":"2017-06-02 14:31:26:540"}
{"level":"info","message":"无效的抓取 id5489 has exist,do not capture","timestamp":"2017-06-02 14:31:26:540"}
{"level":"info","message":"无效的抓取 id5470 has exist,do not capture","timestamp":"2017-06-02 14:31:26:540"}
{"level":"info","message":"无效的抓取 id5486 has exist,do not capture","timestamp":"2017-06-02 14:31:26:540"}
{"level":"info","message":"无效的抓取 id5485 has exist,do not capture","timestamp":"2017-06-02 14:31:26:540"}
{"level":"info","message":"无效的抓取 id5492 has exist,do not capture","timestamp":"2017-06-02 14:31:26:541"}
{"level":"info","message":"无效的抓取 id5484 has exist,do not capture","timestamp":"2017-06-02 14:31:26:541"}
{"level":"info","message":"无效的抓取 id5497 has exist,do not capture","timestamp":"2017-06-02 14:31:26:541"}
{"level":"info","message":"无效的抓取 id5478 has exist,do not capture","timestamp":"2017-06-02 14:31:26:541"}
{"level":"info","message":"无效的抓取 id5469 has exist,do not capture","timestamp":"2017-06-02 14:31:26:541"}
{"level":"info","message":"无效的抓取 id5494 has exist,do not capture","timestamp":"2017-06-02 14:31:26:541"}
{"level":"info","message":"无效的抓取 id5475 has exist,do not capture","timestamp":"2017-06-02 14:31:26:541"}
{"level":"info","message":"无效的抓取 id5477 has exist,do not capture","timestamp":"2017-06-02 14:31:26:541"}
{"level":"info","message":"无效的抓取 id5495 has exist,do not capture","timestamp":"2017-06-02 14:31:26:541"}
{"level":"info","message":"无效的抓取 id5480 has exist,do not capture","timestamp":"2017-06-02 14:31:26:541"}
{"level":"info","message":"无效的抓取 id5471 has exist,do not capture","timestamp":"2017-06-02 14:31:26:541"}
{"level":"info","message":"无效的抓取 id5496 has exist,do not capture","timestamp":"2017-06-02 14:31:26:541"}
{"level":"info","message":"无效的抓取 id5482 has exist,do not capture","timestamp":"2017-06-02 14:31:26:541"}
{"level":"info","message":"无效的抓取 id5468 has exist,do not capture","timestamp":"2017-06-02 14:31:26:542"}
{"level":"info","message":"无效的抓取 id5479 has exist,do not capture","timestamp":"2017-06-02 14:31:26:542"}
{"level":"info","message":"无效的抓取 id5488 has exist,do not capture","timestamp":"2017-06-02 14:31:26:542"}
{"level":"info","message":"无效的抓取 id5476 has exist,do not capture","timestamp":"2017-06-02 14:31:26:543"}
{"level":"info","message":"无效的抓取 id5483 has exist,do not capture","timestamp":"2017-06-02 14:31:26:544"}
{"level":"info","message":"无效的抓取 id5474 has exist,do not capture","timestamp":"2017-06-02 14:31:26:544"}
{"meta":0,"level":"info","message":"2017-06-02 14:31:26 capture success,ready insert list length:","timestamp":"2017-06-02 14:31:26:544"}
{"level":"info","message":"2017-06-02 14:31:26 insert successa/list_1_2.htmllist为空，直接插入成功","timestamp":"2017-06-02 14:31:26:545"}
{"level":"info","message":"2017-06-02 14:31:26 end http://www.meizitu.com/a/list_1_2.html","timestamp":"2017-06-02 14:31:26:545"}
{"level":"info","message":"开始延迟 6174 毫秒","timestamp":"2017-06-02 14:31:26:545"}
{"level":"info","message":"延时结束","timestamp":"2017-06-02 14:31:32:724"}
{"level":"info","message":"http://www.meizitu.com/a/list_1_3.html 2017-06-02 14:31:32 start http://www.meizitu.com/a/list_1_3.html","timestamp":"2017-06-02 14:31:32:724"}
{"level":"info","message":"抓取页面url: http://www.meizitu.com/a/list_1_3.html","timestamp":"2017-06-02 14:31:32:725"}
{"id":"5459","level":"info","message":"detailModel query:","timestamp":"2017-06-02 14:31:52:014"}
{"id":"5464","level":"info","message":"detailModel query:","timestamp":"2017-06-02 14:31:53:769"}
{"id":"5461","level":"info","message":"detailModel query:","timestamp":"2017-06-02 14:31:54:260"}
{"id":"5449","level":"info","message":"detailModel query:","timestamp":"2017-06-02 14:31:55:200"}
{"id":"5465","level":"info","message":"detailModel query:","timestamp":"2017-06-02 14:31:56:560"}
{"id":"5437","level":"info","message":"detailModel query:","timestamp":"2017-06-02 14:31:57:849"}
{"id":"5462","level":"info","message":"detailModel query:","timestamp":"2017-06-02 14:31:58:668"}
{"id":"5457","level":"info","message":"detailModel query:","timestamp":"2017-06-02 14:31:59:534"}
{"id":"5443","level":"info","message":"detailModel query:","timestamp":"2017-06-02 14:32:00:428"}
{"id":"5466","level":"info","message":"detailModel query:","timestamp":"2017-06-02 14:32:01:670"}
{"id":"5467","level":"info","message":"detailModel query:","timestamp":"2017-06-02 14:32:02:753"}
{"id":"5455","level":"info","message":"detailModel query:","timestamp":"2017-06-02 14:32:03:419"}
{"id":"5442","level":"info","message":"detailModel query:","timestamp":"2017-06-02 14:32:04:593"}
{"id":"5446","level":"info","message":"detailModel query:","timestamp":"2017-06-02 14:32:05:150"}
{"id":"5445","level":"info","message":"detailModel query:","timestamp":"2017-06-02 14:32:06:629"}
{"id":"5456","level":"info","message":"detailModel query:","timestamp":"2017-06-02 14:32:07:731"}
{"id":"5451","level":"info","message":"detailModel query:","timestamp":"2017-06-02 14:32:08:712"}
{"id":"5453","level":"info","message":"detailModel query:","timestamp":"2017-06-02 14:32:09:833"}
{"id":"5454","level":"info","message":"detailModel query:","timestamp":"2017-06-02 14:32:10:858"}
{"id":"5448","level":"info","message":"detailModel query:","timestamp":"2017-06-02 14:32:11:184"}
{"id":"5447","level":"info","message":"detailModel query:","timestamp":"2017-06-02 14:32:12:660"}
{"id":"5450","level":"info","message":"detailModel query:","timestamp":"2017-06-02 14:32:12:999"}
{"id":"5460","level":"info","message":"detailModel query:","timestamp":"2017-06-02 14:32:14:566"}
{"id":"5463","level":"info","message":"detailModel query:","timestamp":"2017-06-02 14:32:15:239"}
{"id":"5452","level":"info","message":"detailModel query:","timestamp":"2017-06-02 14:32:16:638"}
{"id":"5458","level":"info","message":"detailModel query:","timestamp":"2017-06-02 14:32:17:017"}
{"id":"5438","level":"info","message":"detailModel query:","timestamp":"2017-06-02 14:32:17:989"}
{"id":"5440","level":"info","message":"detailModel query:","timestamp":"2017-06-02 14:32:19:472"}
{"id":"5439","level":"info","message":"detailModel query:","timestamp":"2017-06-02 14:32:20:429"}
{"id":"5441","level":"info","message":"detailModel query:","timestamp":"2017-06-02 14:32:21:462"}
{"level":"info","message":"无效的抓取 id5459 has exist,do not capture","timestamp":"2017-06-02 14:32:21:463"}
{"level":"info","message":"无效的抓取 id5464 has exist,do not capture","timestamp":"2017-06-02 14:32:21:464"}
{"level":"info","message":"无效的抓取 id5461 has exist,do not capture","timestamp":"2017-06-02 14:32:21:464"}
{"level":"info","message":"无效的抓取 id5449 has exist,do not capture","timestamp":"2017-06-02 14:32:21:464"}
{"level":"info","message":"无效的抓取 id5465 has exist,do not capture","timestamp":"2017-06-02 14:32:21:464"}
{"level":"info","message":"无效的抓取 id5437 has exist,do not capture","timestamp":"2017-06-02 14:32:21:464"}
{"level":"info","message":"无效的抓取 id5462 has exist,do not capture","timestamp":"2017-06-02 14:32:21:464"}
{"level":"info","message":"无效的抓取 id5457 has exist,do not capture","timestamp":"2017-06-02 14:32:21:464"}
{"level":"info","message":"无效的抓取 id5443 has exist,do not capture","timestamp":"2017-06-02 14:32:21:464"}
{"level":"info","message":"无效的抓取 id5466 has exist,do not capture","timestamp":"2017-06-02 14:32:21:465"}
{"level":"info","message":"无效的抓取 id5467 has exist,do not capture","timestamp":"2017-06-02 14:32:21:465"}
{"level":"info","message":"无效的抓取 id5455 has exist,do not capture","timestamp":"2017-06-02 14:32:21:465"}
{"level":"info","message":"无效的抓取 id5442 has exist,do not capture","timestamp":"2017-06-02 14:32:21:465"}
{"level":"info","message":"无效的抓取 id5446 has exist,do not capture","timestamp":"2017-06-02 14:32:21:465"}
{"level":"info","message":"无效的抓取 id5445 has exist,do not capture","timestamp":"2017-06-02 14:32:21:465"}
{"level":"info","message":"无效的抓取 id5456 has exist,do not capture","timestamp":"2017-06-02 14:32:21:465"}
{"level":"info","message":"无效的抓取 id5451 has exist,do not capture","timestamp":"2017-06-02 14:32:21:465"}
{"level":"info","message":"无效的抓取 id5453 has exist,do not capture","timestamp":"2017-06-02 14:32:21:465"}
{"level":"info","message":"无效的抓取 id5454 has exist,do not capture","timestamp":"2017-06-02 14:32:21:466"}
{"level":"info","message":"无效的抓取 id5448 has exist,do not capture","timestamp":"2017-06-02 14:32:21:466"}
{"level":"info","message":"无效的抓取 id5447 has exist,do not capture","timestamp":"2017-06-02 14:32:21:466"}
{"level":"info","message":"无效的抓取 id5450 has exist,do not capture","timestamp":"2017-06-02 14:32:21:466"}
{"level":"info","message":"无效的抓取 id5460 has exist,do not capture","timestamp":"2017-06-02 14:32:21:466"}
{"level":"info","message":"无效的抓取 id5463 has exist,do not capture","timestamp":"2017-06-02 14:32:21:466"}
{"level":"info","message":"无效的抓取 id5452 has exist,do not capture","timestamp":"2017-06-02 14:32:21:466"}
{"level":"info","message":"无效的抓取 id5458 has exist,do not capture","timestamp":"2017-06-02 14:32:21:468"}
{"level":"info","message":"无效的抓取 id5438 has exist,do not capture","timestamp":"2017-06-02 14:32:21:468"}
{"level":"info","message":"无效的抓取 id5440 has exist,do not capture","timestamp":"2017-06-02 14:32:21:468"}
{"level":"info","message":"无效的抓取 id5439 has exist,do not capture","timestamp":"2017-06-02 14:32:21:469"}
{"level":"info","message":"无效的抓取 id5441 has exist,do not capture","timestamp":"2017-06-02 14:32:21:469"}
{"meta":0,"level":"info","message":"2017-06-02 14:32:21 capture success,ready insert list length:","timestamp":"2017-06-02 14:32:21:469"}
{"level":"info","message":"2017-06-02 14:32:21 insert successa/list_1_3.htmllist为空，直接插入成功","timestamp":"2017-06-02 14:32:21:470"}
{"level":"info","message":"2017-06-02 14:32:21 end http://www.meizitu.com/a/list_1_3.html","timestamp":"2017-06-02 14:32:21:470"}
{"level":"info","message":"开始延迟 6035 毫秒","timestamp":"2017-06-02 14:32:21:470"}
{"level":"info","message":"延时结束","timestamp":"2017-06-02 14:32:27:510"}
{"level":"info","message":"http://www.meizitu.com/a/list_1_4.html 2017-06-02 14:32:27 start http://www.meizitu.com/a/list_1_4.html","timestamp":"2017-06-02 14:32:27:510"}
{"level":"info","message":"抓取页面url: http://www.meizitu.com/a/list_1_4.html","timestamp":"2017-06-02 14:32:27:511"}
{"id":"5411","level":"info","message":"detailModel query:","timestamp":"2017-06-02 14:32:29:717"}
{"id":"5436","level":"info","message":"detailModel query:","timestamp":"2017-06-02 14:32:30:875"}
{"id":"5417","level":"info","message":"detailModel query:","timestamp":"2017-06-02 14:32:31:806"}
{"id":"5433","level":"info","message":"detailModel query:","timestamp":"2017-06-02 14:32:31:991"}
{"id":"5429","level":"info","message":"detailModel query:","timestamp":"2017-06-02 14:32:33:618"}
{"id":"5421","level":"info","message":"detailModel query:","timestamp":"2017-06-02 14:32:34:819"}
{"id":"5423","level":"info","message":"detailModel query:","timestamp":"2017-06-02 14:32:35:026"}
{"id":"5425","level":"info","message":"detailModel query:","timestamp":"2017-06-02 14:32:36:902"}
{"id":"5409","level":"info","message":"detailModel query:","timestamp":"2017-06-02 14:32:37:229"}
{"id":"5418","level":"info","message":"detailModel query:","timestamp":"2017-06-02 14:32:38:791"}
{"id":"5428","level":"info","message":"detailModel query:","timestamp":"2017-06-02 14:32:39:062"}
{"id":"5406","level":"info","message":"detailModel query:","timestamp":"2017-06-02 14:32:40:473"}
{"id":"5430","level":"info","message":"detailModel query:","timestamp":"2017-06-02 14:32:41:383"}
{"id":"5415","level":"info","message":"detailModel query:","timestamp":"2017-06-02 14:32:42:543"}
{"id":"5416","level":"info","message":"detailModel query:","timestamp":"2017-06-02 14:32:43:537"}
{"id":"5431","level":"info","message":"detailModel query:","timestamp":"2017-06-02 14:32:44:377"}
{"id":"5414","level":"info","message":"detailModel query:","timestamp":"2017-06-02 14:32:45:847"}
{"id":"5410","level":"info","message":"detailModel query:","timestamp":"2017-06-02 14:32:46:219"}
{"id":"5420","level":"info","message":"detailModel query:","timestamp":"2017-06-02 14:32:47:560"}
{"id":"5435","level":"info","message":"detailModel query:","timestamp":"2017-06-02 14:32:48:927"}
{"id":"5408","level":"info","message":"detailModel query:","timestamp":"2017-06-02 14:32:49:021"}
{"id":"5422","level":"info","message":"detailModel query:","timestamp":"2017-06-02 14:32:50:858"}
{"id":"5419","level":"info","message":"detailModel query:","timestamp":"2017-06-02 14:32:51:362"}
{"id":"5424","level":"info","message":"detailModel query:","timestamp":"2017-06-02 14:32:52:577"}
{"id":"5434","level":"info","message":"detailModel query:","timestamp":"2017-06-02 14:32:53:039"}
{"id":"5405","level":"info","message":"detailModel query:","timestamp":"2017-06-02 14:32:54:239"}
{"id":"5432","level":"info","message":"detailModel query:","timestamp":"2017-06-02 14:32:54:988"}
{"id":"5427","level":"info","message":"detailModel query:","timestamp":"2017-06-02 14:32:56:301"}
{"id":"5426","level":"info","message":"detailModel query:","timestamp":"2017-06-02 14:32:57:228"}
{"id":"5413","level":"info","message":"detailModel query:","timestamp":"2017-06-02 14:32:58:351"}
{"level":"info","message":"无效的抓取 id5411 has exist,do not capture","timestamp":"2017-06-02 14:32:58:352"}
{"level":"info","message":"无效的抓取 id5436 has exist,do not capture","timestamp":"2017-06-02 14:32:58:352"}
{"level":"info","message":"无效的抓取 id5417 has exist,do not capture","timestamp":"2017-06-02 14:32:58:352"}
{"level":"info","message":"无效的抓取 id5433 has exist,do not capture","timestamp":"2017-06-02 14:32:58:352"}
{"level":"info","message":"无效的抓取 id5429 has exist,do not capture","timestamp":"2017-06-02 14:32:58:352"}
{"level":"info","message":"无效的抓取 id5421 has exist,do not capture","timestamp":"2017-06-02 14:32:58:353"}
{"level":"info","message":"无效的抓取 id5423 has exist,do not capture","timestamp":"2017-06-02 14:32:58:353"}
{"level":"info","message":"无效的抓取 id5425 has exist,do not capture","timestamp":"2017-06-02 14:32:58:353"}
{"level":"info","message":"无效的抓取 id5409 has exist,do not capture","timestamp":"2017-06-02 14:32:58:353"}
{"level":"info","message":"无效的抓取 id5418 has exist,do not capture","timestamp":"2017-06-02 14:32:58:353"}
{"level":"info","message":"无效的抓取 id5428 has exist,do not capture","timestamp":"2017-06-02 14:32:58:353"}
{"level":"info","message":"无效的抓取 id5406 has exist,do not capture","timestamp":"2017-06-02 14:32:58:353"}
{"level":"info","message":"无效的抓取 id5430 has exist,do not capture","timestamp":"2017-06-02 14:32:58:353"}
{"level":"info","message":"无效的抓取 id5415 has exist,do not capture","timestamp":"2017-06-02 14:32:58:353"}
{"level":"info","message":"无效的抓取 id5416 has exist,do not capture","timestamp":"2017-06-02 14:32:58:353"}
{"level":"info","message":"无效的抓取 id5431 has exist,do not capture","timestamp":"2017-06-02 14:32:58:353"}
{"level":"info","message":"无效的抓取 id5414 has exist,do not capture","timestamp":"2017-06-02 14:32:58:354"}
{"level":"info","message":"无效的抓取 id5410 has exist,do not capture","timestamp":"2017-06-02 14:32:58:354"}
{"level":"info","message":"无效的抓取 id5420 has exist,do not capture","timestamp":"2017-06-02 14:32:58:354"}
{"level":"info","message":"无效的抓取 id5435 has exist,do not capture","timestamp":"2017-06-02 14:32:58:354"}
{"level":"info","message":"无效的抓取 id5408 has exist,do not capture","timestamp":"2017-06-02 14:32:58:354"}
{"level":"info","message":"无效的抓取 id5422 has exist,do not capture","timestamp":"2017-06-02 14:32:58:354"}
{"level":"info","message":"无效的抓取 id5419 has exist,do not capture","timestamp":"2017-06-02 14:32:58:354"}
{"level":"info","message":"无效的抓取 id5424 has exist,do not capture","timestamp":"2017-06-02 14:32:58:354"}
{"level":"info","message":"无效的抓取 id5434 has exist,do not capture","timestamp":"2017-06-02 14:32:58:355"}
{"level":"info","message":"无效的抓取 id5405 has exist,do not capture","timestamp":"2017-06-02 14:32:58:355"}
{"level":"info","message":"无效的抓取 id5432 has exist,do not capture","timestamp":"2017-06-02 14:32:58:356"}
{"level":"info","message":"无效的抓取 id5427 has exist,do not capture","timestamp":"2017-06-02 14:32:58:356"}
{"level":"info","message":"无效的抓取 id5426 has exist,do not capture","timestamp":"2017-06-02 14:32:58:356"}
{"level":"info","message":"无效的抓取 id5413 has exist,do not capture","timestamp":"2017-06-02 14:32:58:356"}
{"meta":0,"level":"info","message":"2017-06-02 14:32:58 capture success,ready insert list length:","timestamp":"2017-06-02 14:32:58:357"}
{"level":"info","message":"2017-06-02 14:32:58 insert successa/list_1_4.htmllist为空，直接插入成功","timestamp":"2017-06-02 14:32:58:357"}
{"level":"info","message":"2017-06-02 14:32:58 end http://www.meizitu.com/a/list_1_4.html","timestamp":"2017-06-02 14:32:58:357"}
{"level":"info","message":"开始延迟 7568 毫秒","timestamp":"2017-06-02 14:32:58:358"}
{"level":"info","message":"延时结束","timestamp":"2017-06-02 14:33:05:930"}
{"level":"info","message":"http://www.meizitu.com/a/list_1_5.html 2017-06-02 14:33:05 start http://www.meizitu.com/a/list_1_5.html","timestamp":"2017-06-02 14:33:05:931"}
{"level":"info","message":"抓取页面url: http://www.meizitu.com/a/list_1_5.html","timestamp":"2017-06-02 14:33:05:933"}
{"id":"5379","level":"info","message":"detailModel query:","timestamp":"2017-06-02 14:33:10:810"}
{"id":"5374","level":"info","message":"detailModel query:","timestamp":"2017-06-02 14:33:11:690"}
{"id":"5398","level":"info","message":"detailModel query:","timestamp":"2017-06-02 14:33:12:634"}
{"id":"5385","level":"info","message":"detailModel query:","timestamp":"2017-06-02 14:33:13:944"}
{"id":"5393","level":"info","message":"detailModel query:","timestamp":"2017-06-02 14:33:14:941"}
{"id":"5383","level":"info","message":"detailModel query:","timestamp":"2017-06-02 14:33:15:451"}
{"id":"5390","level":"info","message":"detailModel query:","timestamp":"2017-06-02 14:33:16:508"}
{"id":"5402","level":"info","message":"detailModel query:","timestamp":"2017-06-02 14:33:17:967"}
{"id":"5391","level":"info","message":"detailModel query:","timestamp":"2017-06-02 14:33:18:657"}
{"id":"5373","level":"info","message":"detailModel query:","timestamp":"2017-06-02 14:33:19:885"}
